[2022-07-18 16:47:29,464:  INFO: stage_01_load_save]:  >>>>> Stage one started
[2022-07-18 16:47:29,466:  INFO: all_utils]:  yaml file: config/config.yaml loaded successfully
[2022-07-18 16:47:29,490:  INFO: all_utils]:  Directory is created at data/Dog
[2022-07-18 16:47:29,490:  INFO: all_utils]:  Directory is created at data/Cat
[2022-07-18 16:47:46,411:  INFO: all_utils]:  Directory is created at data/Dog
[2022-07-18 16:47:46,411:  INFO: all_utils]:  Directory is created at data/Cat
[2022-07-18 16:48:01,593:  INFO: stage_01_load_save]:  Stage one completed all the data are saved in local >>>>>
[2022-07-19 16:00:39,073:  INFO: stage_02_prepare_base_model]:  >>>>> Stage two started
[2022-07-19 16:00:39,077:  INFO: all_utils]:  yaml file: config/config.yaml loaded successfully
[2022-07-19 16:00:39,080:  INFO: all_utils]:  yaml file: params.yaml loaded successfully
[2022-07-19 16:00:39,081:  INFO: all_utils]:  Directory is created at artifacts/base_model
[2022-07-19 16:00:58,704:  WARNING: saving_utils]:  Compiled the loaded model, but the compiled metrics have yet to be built. `model.compile_metrics` will be empty until you train or evaluate the model.
[2022-07-19 16:00:59,296:  INFO: models]:  VGG16 base model saved at: artifacts/base_model/VGG16_base_model.h5
[2022-07-19 16:00:59,296:  ERROR: stage_02_prepare_base_model]:  name 'prepare_model' is not defined
Traceback (most recent call last):
  File "src/stage_02_prepare_base_model.py", line 63, in <module>
    params_path = parsed_args.params)
  File "src/stage_02_prepare_base_model.py", line 36, in prepare_base_model
    full_model = prepare_model(
NameError: name 'prepare_model' is not defined
[2022-07-19 16:04:33,890:  INFO: stage_02_prepare_base_model]:  >>>>> Stage two started
[2022-07-19 16:04:33,895:  INFO: all_utils]:  yaml file: config/config.yaml loaded successfully
[2022-07-19 16:04:33,898:  INFO: all_utils]:  yaml file: params.yaml loaded successfully
[2022-07-19 16:04:33,898:  INFO: all_utils]:  Directory is created at artifacts/base_model
[2022-07-19 16:04:34,931:  WARNING: saving_utils]:  Compiled the loaded model, but the compiled metrics have yet to be built. `model.compile_metrics` will be empty until you train or evaluate the model.
[2022-07-19 16:04:35,515:  INFO: models]:  VGG16 base model saved at: artifacts/base_model/VGG16_base_model.h5
[2022-07-19 16:04:35,516:  ERROR: stage_02_prepare_base_model]:  prepare_model() got an unexpected keyword argument 'learning_rate'
Traceback (most recent call last):
  File "src/stage_02_prepare_base_model.py", line 69, in <module>
    params_path = parsed_args.params)
  File "src/stage_02_prepare_base_model.py", line 41, in prepare_base_model
    learning_rate = params['LEARNING_RATE']
TypeError: prepare_model() got an unexpected keyword argument 'learning_rate'
[2022-07-19 16:05:18,651:  INFO: stage_02_prepare_base_model]:  >>>>> Stage two started
[2022-07-19 16:05:18,656:  INFO: all_utils]:  yaml file: config/config.yaml loaded successfully
[2022-07-19 16:05:18,659:  INFO: all_utils]:  yaml file: params.yaml loaded successfully
[2022-07-19 16:05:18,659:  INFO: all_utils]:  Directory is created at artifacts/base_model
[2022-07-19 16:05:19,729:  WARNING: saving_utils]:  Compiled the loaded model, but the compiled metrics have yet to be built. `model.compile_metrics` will be empty until you train or evaluate the model.
[2022-07-19 16:05:20,885:  INFO: models]:  VGG16 base model saved at: artifacts/base_model/VGG16_base_model.h5
[2022-07-19 16:05:20,929:  ERROR: stage_02_prepare_base_model]:  __init__() missing 1 required positional argument: 'units'
Traceback (most recent call last):
  File "src/stage_02_prepare_base_model.py", line 69, in <module>
    params_path = parsed_args.params)
  File "src/stage_02_prepare_base_model.py", line 41, in prepare_base_model
    learning_rate = params['LEARNING_RATE']
  File "/media/dev_ashish/DATA/Python37/INeuron-Classes/ML-OPS-Classes/DVC-Classes/DVC-DL-Project/src/utils/models.py", line 29, in prepare_model
    activation = "softmax"
  File "/media/dev_ashish/DATA/Python37/INeuron-Classes/ML-OPS-Classes/DVC-Classes/DVC-DL-Project/env/lib/python3.7/site-packages/keras/dtensor/utils.py", line 95, in _wrap_function
    init_method(layer_instance, *args, **kwargs)
TypeError: __init__() missing 1 required positional argument: 'units'
[2022-07-19 16:31:22,137:  INFO: stage_02_prepare_base_model]:  >>>>> Stage two started
[2022-07-19 16:31:22,142:  INFO: all_utils]:  yaml file: config/config.yaml loaded successfully
[2022-07-19 16:31:22,145:  INFO: all_utils]:  yaml file: params.yaml loaded successfully
[2022-07-19 16:31:22,146:  INFO: all_utils]:  Directory is created at artifacts/base_model
[2022-07-19 16:31:23,185:  WARNING: saving_utils]:  Compiled the loaded model, but the compiled metrics have yet to be built. `model.compile_metrics` will be empty until you train or evaluate the model.
[2022-07-19 16:31:23,796:  INFO: models]:  VGG16 base model saved at: artifacts/base_model/VGG16_base_model.h5
[2022-07-19 16:31:23,819:  ERROR: stage_02_prepare_base_model]:  module 'keras.api._v2.keras' has no attribute 'optimizer'
Traceback (most recent call last):
  File "src/stage_02_prepare_base_model.py", line 69, in <module>
    params_path = parsed_args.params)
  File "src/stage_02_prepare_base_model.py", line 41, in prepare_base_model
    learning_rate = params['LEARNING_RATE']
  File "/media/dev_ashish/DATA/Python37/INeuron-Classes/ML-OPS-Classes/DVC-Classes/DVC-DL-Project/src/utils/models.py", line 38, in prepare_model
    optimizer = tf.keras.optimizer.SGD(learning_rate = learning_rate),
AttributeError: module 'keras.api._v2.keras' has no attribute 'optimizer'
[2022-07-19 16:32:34,014:  INFO: stage_02_prepare_base_model]:  >>>>> Stage two started
[2022-07-19 16:32:34,018:  INFO: all_utils]:  yaml file: config/config.yaml loaded successfully
[2022-07-19 16:32:34,020:  INFO: all_utils]:  yaml file: params.yaml loaded successfully
[2022-07-19 16:32:34,020:  INFO: all_utils]:  Directory is created at artifacts/base_model
[2022-07-19 16:32:35,161:  WARNING: saving_utils]:  Compiled the loaded model, but the compiled metrics have yet to be built. `model.compile_metrics` will be empty until you train or evaluate the model.
[2022-07-19 16:32:36,044:  INFO: models]:  VGG16 base model saved at: artifacts/base_model/VGG16_base_model.h5
[2022-07-19 16:32:36,076:  INFO: models]:  Custom model is compiled and ready for training.
[2022-07-19 16:32:36,076:  ERROR: stage_02_prepare_base_model]:  'UPDATE_BASE_MODEL_NAME'
Traceback (most recent call last):
  File "src/stage_02_prepare_base_model.py", line 69, in <module>
    params_path = parsed_args.params)
  File "src/stage_02_prepare_base_model.py", line 46, in prepare_base_model
    artifacts["UPDATE_BASE_MODEL_NAME"]
KeyError: 'UPDATE_BASE_MODEL_NAME'
[2022-07-19 16:34:09,312:  INFO: stage_02_prepare_base_model]:  >>>>> Stage two started
[2022-07-19 16:34:09,317:  INFO: all_utils]:  yaml file: config/config.yaml loaded successfully
[2022-07-19 16:34:09,319:  INFO: all_utils]:  yaml file: params.yaml loaded successfully
[2022-07-19 16:34:09,320:  INFO: all_utils]:  Directory is created at artifacts/base_model
[2022-07-19 16:34:10,361:  WARNING: saving_utils]:  Compiled the loaded model, but the compiled metrics have yet to be built. `model.compile_metrics` will be empty until you train or evaluate the model.
[2022-07-19 16:34:11,328:  INFO: models]:  VGG16 base model saved at: artifacts/base_model/VGG16_base_model.h5
[2022-07-19 16:34:11,357:  INFO: models]:  Custom model is compiled and ready for training.
[2022-07-19 16:34:11,359:  INFO: stage_02_prepare_base_model]:   full model summary: Model: "vgg16"
_________________________________________________________________
 Layer (type)                Output Shape              Param #   
=================================================================
 input_1 (InputLayer)        [(None, 224, 224, 3)]     0         
                                                                 
 block1_conv1 (Conv2D)       (None, 224, 224, 64)      1792      
                                                                 
 block1_conv2 (Conv2D)       (None, 224, 224, 64)      36928     
                                                                 
 block1_pool (MaxPooling2D)  (None, 112, 112, 64)      0         
                                                                 
 block2_conv1 (Conv2D)       (None, 112, 112, 128)     73856     
                                                                 
 block2_conv2 (Conv2D)       (None, 112, 112, 128)     147584    
                                                                 
 block2_pool (MaxPooling2D)  (None, 56, 56, 128)       0         
                                                                 
 block3_conv1 (Conv2D)       (None, 56, 56, 256)       295168    
                                                                 
 block3_conv2 (Conv2D)       (None, 56, 56, 256)       590080    
                                                                 
 block3_conv3 (Conv2D)       (None, 56, 56, 256)       590080    
                                                                 
 block3_pool (MaxPooling2D)  (None, 28, 28, 256)       0         
                                                                 
 block4_conv1 (Conv2D)       (None, 28, 28, 512)       1180160   
                                                                 
 block4_conv2 (Conv2D)       (None, 28, 28, 512)       2359808   
                                                                 
 block4_conv3 (Conv2D)       (None, 28, 28, 512)       2359808   
                                                                 
 block4_pool (MaxPooling2D)  (None, 14, 14, 512)       0         
                                                                 
 block5_conv1 (Conv2D)       (None, 14, 14, 512)       2359808   
                                                                 
 block5_conv2 (Conv2D)       (None, 14, 14, 512)       2359808   
                                                                 
 block5_conv3 (Conv2D)       (None, 14, 14, 512)       2359808   
                                                                 
 block5_pool (MaxPooling2D)  (None, 7, 7, 512)         0         
                                                                 
=================================================================
Total params: 14,714,688
Trainable params: 0
Non-trainable params: 14,714,688
_________________________________________________________________

[2022-07-19 16:34:11,360:  ERROR: stage_02_prepare_base_model]:  save() missing 1 required positional argument: 'filepath'
Traceback (most recent call last):
  File "src/stage_02_prepare_base_model.py", line 69, in <module>
    params_path = parsed_args.params)
  File "src/stage_02_prepare_base_model.py", line 57, in prepare_base_model
    full_model.save()
  File "/media/dev_ashish/DATA/Python37/INeuron-Classes/ML-OPS-Classes/DVC-Classes/DVC-DL-Project/env/lib/python3.7/site-packages/keras/utils/traceback_utils.py", line 67, in error_handler
    raise e.with_traceback(filtered_tb) from None
  File "/media/dev_ashish/DATA/Python37/INeuron-Classes/ML-OPS-Classes/DVC-Classes/DVC-DL-Project/env/lib/python3.7/site-packages/keras/utils/traceback_utils.py", line 64, in error_handler
    return fn(*args, **kwargs)
TypeError: save() missing 1 required positional argument: 'filepath'
[2022-07-19 16:34:56,993:  INFO: stage_02_prepare_base_model]:  >>>>> Stage two started
[2022-07-19 16:34:56,998:  INFO: all_utils]:  yaml file: config/config.yaml loaded successfully
[2022-07-19 16:34:57,001:  INFO: all_utils]:  yaml file: params.yaml loaded successfully
[2022-07-19 16:34:57,001:  INFO: all_utils]:  Directory is created at artifacts/base_model
[2022-07-19 16:34:58,102:  WARNING: saving_utils]:  Compiled the loaded model, but the compiled metrics have yet to be built. `model.compile_metrics` will be empty until you train or evaluate the model.
[2022-07-19 16:34:58,991:  INFO: models]:  VGG16 base model saved at: artifacts/base_model/VGG16_base_model.h5
[2022-07-19 16:34:59,036:  INFO: models]:  Custom model is compiled and ready for training.
[2022-07-19 16:34:59,039:  INFO: stage_02_prepare_base_model]:   full model summary: Model: "vgg16"
_________________________________________________________________
 Layer (type)                Output Shape              Param #   
=================================================================
 input_1 (InputLayer)        [(None, 224, 224, 3)]     0         
                                                                 
 block1_conv1 (Conv2D)       (None, 224, 224, 64)      1792      
                                                                 
 block1_conv2 (Conv2D)       (None, 224, 224, 64)      36928     
                                                                 
 block1_pool (MaxPooling2D)  (None, 112, 112, 64)      0         
                                                                 
 block2_conv1 (Conv2D)       (None, 112, 112, 128)     73856     
                                                                 
 block2_conv2 (Conv2D)       (None, 112, 112, 128)     147584    
                                                                 
 block2_pool (MaxPooling2D)  (None, 56, 56, 128)       0         
                                                                 
 block3_conv1 (Conv2D)       (None, 56, 56, 256)       295168    
                                                                 
 block3_conv2 (Conv2D)       (None, 56, 56, 256)       590080    
                                                                 
 block3_conv3 (Conv2D)       (None, 56, 56, 256)       590080    
                                                                 
 block3_pool (MaxPooling2D)  (None, 28, 28, 256)       0         
                                                                 
 block4_conv1 (Conv2D)       (None, 28, 28, 512)       1180160   
                                                                 
 block4_conv2 (Conv2D)       (None, 28, 28, 512)       2359808   
                                                                 
 block4_conv3 (Conv2D)       (None, 28, 28, 512)       2359808   
                                                                 
 block4_pool (MaxPooling2D)  (None, 14, 14, 512)       0         
                                                                 
 block5_conv1 (Conv2D)       (None, 14, 14, 512)       2359808   
                                                                 
 block5_conv2 (Conv2D)       (None, 14, 14, 512)       2359808   
                                                                 
 block5_conv3 (Conv2D)       (None, 14, 14, 512)       2359808   
                                                                 
 block5_pool (MaxPooling2D)  (None, 7, 7, 512)         0         
                                                                 
=================================================================
Total params: 14,714,688
Trainable params: 0
Non-trainable params: 14,714,688
_________________________________________________________________

[2022-07-19 16:34:59,039:  WARNING: saving_utils]:  Compiled the loaded model, but the compiled metrics have yet to be built. `model.compile_metrics` will be empty until you train or evaluate the model.
[2022-07-19 16:34:59,828:  INFO: stage_02_prepare_base_model]:  Stage two completed! Base model is created >>>>>
[2022-07-19 16:36:59,160:  INFO: stage_02_prepare_base_model]:  >>>>> Stage two started
[2022-07-19 16:36:59,165:  INFO: all_utils]:  yaml file: config/config.yaml loaded successfully
[2022-07-19 16:36:59,167:  INFO: all_utils]:  yaml file: params.yaml loaded successfully
[2022-07-19 16:36:59,167:  INFO: all_utils]:  Directory is created at artifacts/base_model
[2022-07-19 16:37:00,202:  WARNING: saving_utils]:  Compiled the loaded model, but the compiled metrics have yet to be built. `model.compile_metrics` will be empty until you train or evaluate the model.
[2022-07-19 16:37:01,178:  INFO: models]:  VGG16 base model saved at: artifacts/base_model/VGG16_base_model.h5
[2022-07-19 16:37:01,215:  INFO: models]:  Custom model is compiled and ready for training.
[2022-07-19 16:37:01,218:  INFO: stage_02_prepare_base_model]:   full model summary: Model: "vgg16"
_________________________________________________________________
 Layer (type)                Output Shape              Param #   
=================================================================
 input_1 (InputLayer)        [(None, 224, 224, 3)]     0         
                                                                 
 block1_conv1 (Conv2D)       (None, 224, 224, 64)      1792      
                                                                 
 block1_conv2 (Conv2D)       (None, 224, 224, 64)      36928     
                                                                 
 block1_pool (MaxPooling2D)  (None, 112, 112, 64)      0         
                                                                 
 block2_conv1 (Conv2D)       (None, 112, 112, 128)     73856     
                                                                 
 block2_conv2 (Conv2D)       (None, 112, 112, 128)     147584    
                                                                 
 block2_pool (MaxPooling2D)  (None, 56, 56, 128)       0         
                                                                 
 block3_conv1 (Conv2D)       (None, 56, 56, 256)       295168    
                                                                 
 block3_conv2 (Conv2D)       (None, 56, 56, 256)       590080    
                                                                 
 block3_conv3 (Conv2D)       (None, 56, 56, 256)       590080    
                                                                 
 block3_pool (MaxPooling2D)  (None, 28, 28, 256)       0         
                                                                 
 block4_conv1 (Conv2D)       (None, 28, 28, 512)       1180160   
                                                                 
 block4_conv2 (Conv2D)       (None, 28, 28, 512)       2359808   
                                                                 
 block4_conv3 (Conv2D)       (None, 28, 28, 512)       2359808   
                                                                 
 block4_pool (MaxPooling2D)  (None, 14, 14, 512)       0         
                                                                 
 block5_conv1 (Conv2D)       (None, 14, 14, 512)       2359808   
                                                                 
 block5_conv2 (Conv2D)       (None, 14, 14, 512)       2359808   
                                                                 
 block5_conv3 (Conv2D)       (None, 14, 14, 512)       2359808   
                                                                 
 block5_pool (MaxPooling2D)  (None, 7, 7, 512)         0         
                                                                 
=================================================================
Total params: 14,714,688
Trainable params: 0
Non-trainable params: 14,714,688
_________________________________________________________________

[2022-07-19 16:37:01,218:  WARNING: saving_utils]:  Compiled the loaded model, but the compiled metrics have yet to be built. `model.compile_metrics` will be empty until you train or evaluate the model.
[2022-07-19 16:37:01,949:  INFO: stage_02_prepare_base_model]:  Stage two completed! Base model is created >>>>>
[2022-07-19 16:38:03,544:  INFO: stage_02_prepare_base_model]:  >>>>> Stage two started
[2022-07-19 16:38:03,553:  INFO: all_utils]:  yaml file: config/config.yaml loaded successfully
[2022-07-19 16:38:03,555:  INFO: all_utils]:  yaml file: params.yaml loaded successfully
[2022-07-19 16:38:03,557:  INFO: all_utils]:  Directory is created at artifacts/base_model
[2022-07-19 16:38:04,722:  WARNING: saving_utils]:  Compiled the loaded model, but the compiled metrics have yet to be built. `model.compile_metrics` will be empty until you train or evaluate the model.
[2022-07-19 16:38:07,507:  INFO: models]:  VGG16 base model saved at: artifacts/base_model/VGG16_base_model.h5
[2022-07-19 16:38:07,546:  INFO: models]:  Custom model is compiled and ready for training.
[2022-07-19 16:38:07,549:  INFO: stage_02_prepare_base_model]:   full model summary: Model: "vgg16"
_________________________________________________________________
 Layer (type)                Output Shape              Param #   
=================================================================
 input_1 (InputLayer)        [(None, 224, 224, 3)]     0         
                                                                 
 block1_conv1 (Conv2D)       (None, 224, 224, 64)      1792      
                                                                 
 block1_conv2 (Conv2D)       (None, 224, 224, 64)      36928     
                                                                 
 block1_pool (MaxPooling2D)  (None, 112, 112, 64)      0         
                                                                 
 block2_conv1 (Conv2D)       (None, 112, 112, 128)     73856     
                                                                 
 block2_conv2 (Conv2D)       (None, 112, 112, 128)     147584    
                                                                 
 block2_pool (MaxPooling2D)  (None, 56, 56, 128)       0         
                                                                 
 block3_conv1 (Conv2D)       (None, 56, 56, 256)       295168    
                                                                 
 block3_conv2 (Conv2D)       (None, 56, 56, 256)       590080    
                                                                 
 block3_conv3 (Conv2D)       (None, 56, 56, 256)       590080    
                                                                 
 block3_pool (MaxPooling2D)  (None, 28, 28, 256)       0         
                                                                 
 block4_conv1 (Conv2D)       (None, 28, 28, 512)       1180160   
                                                                 
 block4_conv2 (Conv2D)       (None, 28, 28, 512)       2359808   
                                                                 
 block4_conv3 (Conv2D)       (None, 28, 28, 512)       2359808   
                                                                 
 block4_pool (MaxPooling2D)  (None, 14, 14, 512)       0         
                                                                 
 block5_conv1 (Conv2D)       (None, 14, 14, 512)       2359808   
                                                                 
 block5_conv2 (Conv2D)       (None, 14, 14, 512)       2359808   
                                                                 
 block5_conv3 (Conv2D)       (None, 14, 14, 512)       2359808   
                                                                 
 block5_pool (MaxPooling2D)  (None, 7, 7, 512)         0         
                                                                 
=================================================================
Total params: 14,714,688
Trainable params: 0
Non-trainable params: 14,714,688
_________________________________________________________________

[2022-07-19 16:38:07,549:  WARNING: saving_utils]:  Compiled the loaded model, but the compiled metrics have yet to be built. `model.compile_metrics` will be empty until you train or evaluate the model.
[2022-07-19 16:38:08,298:  INFO: stage_02_prepare_base_model]:  Stage two completed! Base model is created >>>>>
[2022-07-19 16:40:49,532:  INFO: stage_02_prepare_base_model]:  >>>>> Stage two started
[2022-07-19 16:40:49,537:  INFO: all_utils]:  yaml file: config/config.yaml loaded successfully
[2022-07-19 16:40:49,538:  INFO: all_utils]:  yaml file: params.yaml loaded successfully
[2022-07-19 16:40:49,539:  INFO: all_utils]:  Directory is created at artifacts/base_model
[2022-07-19 16:40:50,573:  WARNING: saving_utils]:  Compiled the loaded model, but the compiled metrics have yet to be built. `model.compile_metrics` will be empty until you train or evaluate the model.
[2022-07-19 16:40:51,356:  INFO: models]:  VGG16 base model saved at: artifacts/base_model/VGG16_base_model.h5
[2022-07-19 16:40:51,396:  INFO: models]:  Custom model is compiled and ready for training.
[2022-07-19 16:40:51,398:  INFO: stage_02_prepare_base_model]:   full model summary: Model: "vgg16"
_________________________________________________________________
 Layer (type)                Output Shape              Param #   
=================================================================
 input_1 (InputLayer)        [(None, 224, 224, 3)]     0         
                                                                 
 block1_conv1 (Conv2D)       (None, 224, 224, 64)      1792      
                                                                 
 block1_conv2 (Conv2D)       (None, 224, 224, 64)      36928     
                                                                 
 block1_pool (MaxPooling2D)  (None, 112, 112, 64)      0         
                                                                 
 block2_conv1 (Conv2D)       (None, 112, 112, 128)     73856     
                                                                 
 block2_conv2 (Conv2D)       (None, 112, 112, 128)     147584    
                                                                 
 block2_pool (MaxPooling2D)  (None, 56, 56, 128)       0         
                                                                 
 block3_conv1 (Conv2D)       (None, 56, 56, 256)       295168    
                                                                 
 block3_conv2 (Conv2D)       (None, 56, 56, 256)       590080    
                                                                 
 block3_conv3 (Conv2D)       (None, 56, 56, 256)       590080    
                                                                 
 block3_pool (MaxPooling2D)  (None, 28, 28, 256)       0         
                                                                 
 block4_conv1 (Conv2D)       (None, 28, 28, 512)       1180160   
                                                                 
 block4_conv2 (Conv2D)       (None, 28, 28, 512)       2359808   
                                                                 
 block4_conv3 (Conv2D)       (None, 28, 28, 512)       2359808   
                                                                 
 block4_pool (MaxPooling2D)  (None, 14, 14, 512)       0         
                                                                 
 block5_conv1 (Conv2D)       (None, 14, 14, 512)       2359808   
                                                                 
 block5_conv2 (Conv2D)       (None, 14, 14, 512)       2359808   
                                                                 
 block5_conv3 (Conv2D)       (None, 14, 14, 512)       2359808   
                                                                 
 block5_pool (MaxPooling2D)  (None, 7, 7, 512)         0         
                                                                 
=================================================================
Total params: 14,714,688
Trainable params: 14,714,688
Non-trainable params: 0
_________________________________________________________________

[2022-07-19 16:40:51,398:  WARNING: saving_utils]:  Compiled the loaded model, but the compiled metrics have yet to be built. `model.compile_metrics` will be empty until you train or evaluate the model.
[2022-07-19 16:40:51,953:  INFO: stage_02_prepare_base_model]:  Stage two completed! Base model is created >>>>>
[2022-07-19 16:41:16,212:  INFO: stage_02_prepare_base_model]:  >>>>> Stage two started
[2022-07-19 16:41:16,216:  INFO: all_utils]:  yaml file: config/config.yaml loaded successfully
[2022-07-19 16:41:16,219:  INFO: all_utils]:  yaml file: params.yaml loaded successfully
[2022-07-19 16:41:16,220:  INFO: all_utils]:  Directory is created at artifacts/base_model
[2022-07-19 16:41:17,236:  WARNING: saving_utils]:  Compiled the loaded model, but the compiled metrics have yet to be built. `model.compile_metrics` will be empty until you train or evaluate the model.
[2022-07-19 16:41:18,007:  INFO: models]:  VGG16 base model saved at: artifacts/base_model/VGG16_base_model.h5
[2022-07-19 16:41:18,039:  INFO: models]:  Custom model is compiled and ready for training.
[2022-07-19 16:41:18,042:  INFO: stage_02_prepare_base_model]:   full model summary: Model: "vgg16"
_________________________________________________________________
 Layer (type)                Output Shape              Param #   
=================================================================
 input_1 (InputLayer)        [(None, 224, 224, 3)]     0         
                                                                 
 block1_conv1 (Conv2D)       (None, 224, 224, 64)      1792      
                                                                 
 block1_conv2 (Conv2D)       (None, 224, 224, 64)      36928     
                                                                 
 block1_pool (MaxPooling2D)  (None, 112, 112, 64)      0         
                                                                 
 block2_conv1 (Conv2D)       (None, 112, 112, 128)     73856     
                                                                 
 block2_conv2 (Conv2D)       (None, 112, 112, 128)     147584    
                                                                 
 block2_pool (MaxPooling2D)  (None, 56, 56, 128)       0         
                                                                 
 block3_conv1 (Conv2D)       (None, 56, 56, 256)       295168    
                                                                 
 block3_conv2 (Conv2D)       (None, 56, 56, 256)       590080    
                                                                 
 block3_conv3 (Conv2D)       (None, 56, 56, 256)       590080    
                                                                 
 block3_pool (MaxPooling2D)  (None, 28, 28, 256)       0         
                                                                 
 block4_conv1 (Conv2D)       (None, 28, 28, 512)       1180160   
                                                                 
 block4_conv2 (Conv2D)       (None, 28, 28, 512)       2359808   
                                                                 
 block4_conv3 (Conv2D)       (None, 28, 28, 512)       2359808   
                                                                 
 block4_pool (MaxPooling2D)  (None, 14, 14, 512)       0         
                                                                 
 block5_conv1 (Conv2D)       (None, 14, 14, 512)       2359808   
                                                                 
 block5_conv2 (Conv2D)       (None, 14, 14, 512)       2359808   
                                                                 
 block5_conv3 (Conv2D)       (None, 14, 14, 512)       2359808   
                                                                 
 block5_pool (MaxPooling2D)  (None, 7, 7, 512)         0         
                                                                 
=================================================================
Total params: 14,714,688
Trainable params: 0
Non-trainable params: 14,714,688
_________________________________________________________________

[2022-07-19 16:41:18,042:  WARNING: saving_utils]:  Compiled the loaded model, but the compiled metrics have yet to be built. `model.compile_metrics` will be empty until you train or evaluate the model.
[2022-07-19 16:41:18,713:  INFO: stage_02_prepare_base_model]:  Stage two completed! Base model is created >>>>>
[2022-07-19 16:45:23,986:  INFO: stage_02_prepare_base_model]:  >>>>> Stage two started
[2022-07-19 16:45:23,991:  INFO: all_utils]:  yaml file: config/config.yaml loaded successfully
[2022-07-19 16:45:23,993:  INFO: all_utils]:  yaml file: params.yaml loaded successfully
[2022-07-19 16:45:23,994:  INFO: all_utils]:  Directory is created at artifacts/base_model
[2022-07-19 16:45:25,088:  WARNING: saving_utils]:  Compiled the loaded model, but the compiled metrics have yet to be built. `model.compile_metrics` will be empty until you train or evaluate the model.
[2022-07-19 16:45:25,861:  INFO: models]:  VGG16 base model saved at: artifacts/base_model/VGG16_base_model.h5
[2022-07-19 16:45:25,893:  INFO: models]:  Custom model is compiled and ready for training.
[2022-07-19 16:45:25,895:  INFO: stage_02_prepare_base_model]:   full model summary: Model: "vgg16"
_________________________________________________________________
 Layer (type)                Output Shape              Param #   
=================================================================
 input_1 (InputLayer)        [(None, 224, 224, 3)]     0         
                                                                 
 block1_conv1 (Conv2D)       (None, 224, 224, 64)      1792      
                                                                 
 block1_conv2 (Conv2D)       (None, 224, 224, 64)      36928     
                                                                 
 block1_pool (MaxPooling2D)  (None, 112, 112, 64)      0         
                                                                 
 block2_conv1 (Conv2D)       (None, 112, 112, 128)     73856     
                                                                 
 block2_conv2 (Conv2D)       (None, 112, 112, 128)     147584    
                                                                 
 block2_pool (MaxPooling2D)  (None, 56, 56, 128)       0         
                                                                 
 block3_conv1 (Conv2D)       (None, 56, 56, 256)       295168    
                                                                 
 block3_conv2 (Conv2D)       (None, 56, 56, 256)       590080    
                                                                 
 block3_conv3 (Conv2D)       (None, 56, 56, 256)       590080    
                                                                 
 block3_pool (MaxPooling2D)  (None, 28, 28, 256)       0         
                                                                 
 block4_conv1 (Conv2D)       (None, 28, 28, 512)       1180160   
                                                                 
 block4_conv2 (Conv2D)       (None, 28, 28, 512)       2359808   
                                                                 
 block4_conv3 (Conv2D)       (None, 28, 28, 512)       2359808   
                                                                 
 block4_pool (MaxPooling2D)  (None, 14, 14, 512)       0         
                                                                 
 block5_conv1 (Conv2D)       (None, 14, 14, 512)       2359808   
                                                                 
 block5_conv2 (Conv2D)       (None, 14, 14, 512)       2359808   
                                                                 
 block5_conv3 (Conv2D)       (None, 14, 14, 512)       2359808   
                                                                 
 block5_pool (MaxPooling2D)  (None, 7, 7, 512)         0         
                                                                 
=================================================================
Total params: 14,714,688
Trainable params: 0
Non-trainable params: 14,714,688
_________________________________________________________________

[2022-07-19 16:45:25,896:  WARNING: saving_utils]:  Compiled the loaded model, but the compiled metrics have yet to be built. `model.compile_metrics` will be empty until you train or evaluate the model.
[2022-07-19 16:45:26,792:  INFO: stage_02_prepare_base_model]:  Stage two completed! Base model is created >>>>>
[2022-07-19 16:47:01,905:  INFO: stage_02_prepare_base_model]:  >>>>> Stage two started
[2022-07-19 16:47:01,907:  INFO: all_utils]:  yaml file: config/config.yaml loaded successfully
[2022-07-19 16:47:01,909:  INFO: all_utils]:  yaml file: params.yaml loaded successfully
[2022-07-19 16:47:01,909:  INFO: all_utils]:  Directory is created at artifacts/base_model
[2022-07-19 16:47:02,923:  WARNING: saving_utils]:  Compiled the loaded model, but the compiled metrics have yet to be built. `model.compile_metrics` will be empty until you train or evaluate the model.
[2022-07-19 16:47:03,638:  INFO: models]:  VGG16 base model saved at: artifacts/base_model/VGG16_base_model.h5
[2022-07-19 16:47:03,674:  INFO: models]:  Custom model is compiled and ready for training.
[2022-07-19 16:47:03,676:  INFO: stage_02_prepare_base_model]:   full model summary: Model: "vgg16"
_________________________________________________________________
 Layer (type)                Output Shape              Param #   
=================================================================
 input_1 (InputLayer)        [(None, 224, 224, 3)]     0         
                                                                 
 block1_conv1 (Conv2D)       (None, 224, 224, 64)      1792      
                                                                 
 block1_conv2 (Conv2D)       (None, 224, 224, 64)      36928     
                                                                 
 block1_pool (MaxPooling2D)  (None, 112, 112, 64)      0         
                                                                 
 block2_conv1 (Conv2D)       (None, 112, 112, 128)     73856     
                                                                 
 block2_conv2 (Conv2D)       (None, 112, 112, 128)     147584    
                                                                 
 block2_pool (MaxPooling2D)  (None, 56, 56, 128)       0         
                                                                 
 block3_conv1 (Conv2D)       (None, 56, 56, 256)       295168    
                                                                 
 block3_conv2 (Conv2D)       (None, 56, 56, 256)       590080    
                                                                 
 block3_conv3 (Conv2D)       (None, 56, 56, 256)       590080    
                                                                 
 block3_pool (MaxPooling2D)  (None, 28, 28, 256)       0         
                                                                 
 block4_conv1 (Conv2D)       (None, 28, 28, 512)       1180160   
                                                                 
 block4_conv2 (Conv2D)       (None, 28, 28, 512)       2359808   
                                                                 
 block4_conv3 (Conv2D)       (None, 28, 28, 512)       2359808   
                                                                 
 block4_pool (MaxPooling2D)  (None, 14, 14, 512)       0         
                                                                 
 block5_conv1 (Conv2D)       (None, 14, 14, 512)       2359808   
                                                                 
 block5_conv2 (Conv2D)       (None, 14, 14, 512)       2359808   
                                                                 
 block5_conv3 (Conv2D)       (None, 14, 14, 512)       2359808   
                                                                 
 block5_pool (MaxPooling2D)  (None, 7, 7, 512)         0         
                                                                 
=================================================================
Total params: 14,714,688
Trainable params: 0
Non-trainable params: 14,714,688
_________________________________________________________________

[2022-07-19 16:47:03,676:  WARNING: saving_utils]:  Compiled the loaded model, but the compiled metrics have yet to be built. `model.compile_metrics` will be empty until you train or evaluate the model.
[2022-07-19 16:47:04,805:  INFO: stage_02_prepare_base_model]:  Stage two completed! Base model is created >>>>>
[2022-07-19 16:47:28,661:  INFO: stage_02_prepare_base_model]:  >>>>> Stage two started
[2022-07-19 16:47:28,667:  INFO: all_utils]:  yaml file: config/config.yaml loaded successfully
[2022-07-19 16:47:28,670:  INFO: all_utils]:  yaml file: params.yaml loaded successfully
[2022-07-19 16:47:28,671:  INFO: all_utils]:  Directory is created at artifacts/base_model
[2022-07-19 16:47:29,769:  WARNING: saving_utils]:  Compiled the loaded model, but the compiled metrics have yet to be built. `model.compile_metrics` will be empty until you train or evaluate the model.
[2022-07-19 16:47:30,839:  INFO: models]:  VGG16 base model saved at: artifacts/base_model/VGG16_base_model.h5
[2022-07-19 16:47:30,876:  INFO: models]:  Custom model is compiled and ready for training.
[2022-07-19 16:47:30,879:  INFO: stage_02_prepare_base_model]:   full model summary: Model: "vgg16"
_________________________________________________________________
 Layer (type)                Output Shape              Param #   
=================================================================
 input_1 (InputLayer)        [(None, 224, 224, 3)]     0         
                                                                 
 block1_conv1 (Conv2D)       (None, 224, 224, 64)      1792      
                                                                 
 block1_conv2 (Conv2D)       (None, 224, 224, 64)      36928     
                                                                 
 block1_pool (MaxPooling2D)  (None, 112, 112, 64)      0         
                                                                 
 block2_conv1 (Conv2D)       (None, 112, 112, 128)     73856     
                                                                 
 block2_conv2 (Conv2D)       (None, 112, 112, 128)     147584    
                                                                 
 block2_pool (MaxPooling2D)  (None, 56, 56, 128)       0         
                                                                 
 block3_conv1 (Conv2D)       (None, 56, 56, 256)       295168    
                                                                 
 block3_conv2 (Conv2D)       (None, 56, 56, 256)       590080    
                                                                 
 block3_conv3 (Conv2D)       (None, 56, 56, 256)       590080    
                                                                 
 block3_pool (MaxPooling2D)  (None, 28, 28, 256)       0         
                                                                 
 block4_conv1 (Conv2D)       (None, 28, 28, 512)       1180160   
                                                                 
 block4_conv2 (Conv2D)       (None, 28, 28, 512)       2359808   
                                                                 
 block4_conv3 (Conv2D)       (None, 28, 28, 512)       2359808   
                                                                 
 block4_pool (MaxPooling2D)  (None, 14, 14, 512)       0         
                                                                 
 block5_conv1 (Conv2D)       (None, 14, 14, 512)       2359808   
                                                                 
 block5_conv2 (Conv2D)       (None, 14, 14, 512)       2359808   
                                                                 
 block5_conv3 (Conv2D)       (None, 14, 14, 512)       2359808   
                                                                 
 block5_pool (MaxPooling2D)  (None, 7, 7, 512)         0         
                                                                 
=================================================================
Total params: 14,714,688
Trainable params: 2,359,808
Non-trainable params: 12,354,880
_________________________________________________________________

[2022-07-19 16:47:30,879:  WARNING: saving_utils]:  Compiled the loaded model, but the compiled metrics have yet to be built. `model.compile_metrics` will be empty until you train or evaluate the model.
[2022-07-19 16:47:31,582:  INFO: stage_02_prepare_base_model]:  Stage two completed! Base model is created >>>>>
[2022-07-19 16:49:38,232:  INFO: stage_02_prepare_base_model]:  >>>>> Stage two started
[2022-07-19 16:49:38,238:  INFO: all_utils]:  yaml file: config/config.yaml loaded successfully
[2022-07-19 16:49:38,239:  INFO: all_utils]:  yaml file: params.yaml loaded successfully
[2022-07-19 16:49:38,240:  INFO: all_utils]:  Directory is created at artifacts/base_model
[2022-07-19 16:49:39,267:  WARNING: saving_utils]:  Compiled the loaded model, but the compiled metrics have yet to be built. `model.compile_metrics` will be empty until you train or evaluate the model.
[2022-07-19 16:49:45,547:  INFO: models]:  VGG16 base model saved at: artifacts/base_model/VGG16_base_model.h5
[2022-07-19 16:49:45,595:  INFO: models]:  Custom model is compiled and ready for training.
[2022-07-19 16:49:45,599:  INFO: stage_02_prepare_base_model]:   full model summary: 
Model: "vgg16"
_________________________________________________________________
 Layer (type)                Output Shape              Param #   
=================================================================
 input_1 (InputLayer)        [(None, 224, 224, 3)]     0         
                                                                 
 block1_conv1 (Conv2D)       (None, 224, 224, 64)      1792      
                                                                 
 block1_conv2 (Conv2D)       (None, 224, 224, 64)      36928     
                                                                 
 block1_pool (MaxPooling2D)  (None, 112, 112, 64)      0         
                                                                 
 block2_conv1 (Conv2D)       (None, 112, 112, 128)     73856     
                                                                 
 block2_conv2 (Conv2D)       (None, 112, 112, 128)     147584    
                                                                 
 block2_pool (MaxPooling2D)  (None, 56, 56, 128)       0         
                                                                 
 block3_conv1 (Conv2D)       (None, 56, 56, 256)       295168    
                                                                 
 block3_conv2 (Conv2D)       (None, 56, 56, 256)       590080    
                                                                 
 block3_conv3 (Conv2D)       (None, 56, 56, 256)       590080    
                                                                 
 block3_pool (MaxPooling2D)  (None, 28, 28, 256)       0         
                                                                 
 block4_conv1 (Conv2D)       (None, 28, 28, 512)       1180160   
                                                                 
 block4_conv2 (Conv2D)       (None, 28, 28, 512)       2359808   
                                                                 
 block4_conv3 (Conv2D)       (None, 28, 28, 512)       2359808   
                                                                 
 block4_pool (MaxPooling2D)  (None, 14, 14, 512)       0         
                                                                 
 block5_conv1 (Conv2D)       (None, 14, 14, 512)       2359808   
                                                                 
 block5_conv2 (Conv2D)       (None, 14, 14, 512)       2359808   
                                                                 
 block5_conv3 (Conv2D)       (None, 14, 14, 512)       2359808   
                                                                 
 block5_pool (MaxPooling2D)  (None, 7, 7, 512)         0         
                                                                 
=================================================================
Total params: 14,714,688
Trainable params: 2,359,808
Non-trainable params: 12,354,880
_________________________________________________________________

[2022-07-19 16:49:45,599:  WARNING: saving_utils]:  Compiled the loaded model, but the compiled metrics have yet to be built. `model.compile_metrics` will be empty until you train or evaluate the model.
[2022-07-19 16:49:50,766:  INFO: stage_02_prepare_base_model]:  Stage two completed! Base model is created >>>>>
[2022-07-19 20:25:12,744:  INFO: stage_02_prepare_base_model]:  >>>>> Stage two started
[2022-07-19 20:25:12,751:  INFO: all_utils]:  yaml file: config/config.yaml loaded successfully
[2022-07-19 20:25:12,755:  INFO: all_utils]:  yaml file: params.yaml loaded successfully
[2022-07-19 20:25:12,755:  INFO: all_utils]:  Directory is created at artifacts/base_model
[2022-07-19 20:25:13,783:  WARNING: saving_utils]:  Compiled the loaded model, but the compiled metrics have yet to be built. `model.compile_metrics` will be empty until you train or evaluate the model.
[2022-07-19 20:25:14,755:  INFO: models]:  VGG16 base model saved at: artifacts/base_model/VGG16_base_model.h5
[2022-07-19 20:25:14,790:  INFO: models]:  Custom model is compiled and ready for training.
[2022-07-19 20:25:14,793:  INFO: stage_02_prepare_base_model]:   full model summary: 
Model: "vgg16"
_________________________________________________________________
 Layer (type)                Output Shape              Param #   
=================================================================
 input_1 (InputLayer)        [(None, 224, 224, 3)]     0         
                                                                 
 block1_conv1 (Conv2D)       (None, 224, 224, 64)      1792      
                                                                 
 block1_conv2 (Conv2D)       (None, 224, 224, 64)      36928     
                                                                 
 block1_pool (MaxPooling2D)  (None, 112, 112, 64)      0         
                                                                 
 block2_conv1 (Conv2D)       (None, 112, 112, 128)     73856     
                                                                 
 block2_conv2 (Conv2D)       (None, 112, 112, 128)     147584    
                                                                 
 block2_pool (MaxPooling2D)  (None, 56, 56, 128)       0         
                                                                 
 block3_conv1 (Conv2D)       (None, 56, 56, 256)       295168    
                                                                 
 block3_conv2 (Conv2D)       (None, 56, 56, 256)       590080    
                                                                 
 block3_conv3 (Conv2D)       (None, 56, 56, 256)       590080    
                                                                 
 block3_pool (MaxPooling2D)  (None, 28, 28, 256)       0         
                                                                 
 block4_conv1 (Conv2D)       (None, 28, 28, 512)       1180160   
                                                                 
 block4_conv2 (Conv2D)       (None, 28, 28, 512)       2359808   
                                                                 
 block4_conv3 (Conv2D)       (None, 28, 28, 512)       2359808   
                                                                 
 block4_pool (MaxPooling2D)  (None, 14, 14, 512)       0         
                                                                 
 block5_conv1 (Conv2D)       (None, 14, 14, 512)       2359808   
                                                                 
 block5_conv2 (Conv2D)       (None, 14, 14, 512)       2359808   
                                                                 
 block5_conv3 (Conv2D)       (None, 14, 14, 512)       2359808   
                                                                 
 block5_pool (MaxPooling2D)  (None, 7, 7, 512)         0         
                                                                 
=================================================================
Total params: 14,714,688
Trainable params: 2,359,808
Non-trainable params: 12,354,880
_________________________________________________________________

[2022-07-19 20:25:14,793:  WARNING: saving_utils]:  Compiled the loaded model, but the compiled metrics have yet to be built. `model.compile_metrics` will be empty until you train or evaluate the model.
[2022-07-19 20:25:15,362:  INFO: stage_02_prepare_base_model]:  Stage two completed! Base model is created >>>>>
[2022-07-20 15:45:25,838:  INFO: stage_03_prepare_callbacks]:  >>>>> Stage three started
[2022-07-20 15:45:25,844:  INFO: all_utils]:  yaml file: config/config.yaml loaded successfully
[2022-07-20 15:45:25,846:  INFO: all_utils]:  yaml file: params.yaml loaded successfully
[2022-07-20 15:45:25,847:  ERROR: stage_03_prepare_callbacks]:  create_directory() takes 1 positional argument but 3 were given
Traceback (most recent call last):
  File "src/stage_03_prepare_callbacks.py", line 50, in <module>
    params_path = parsed_args.params)
  File "src/stage_03_prepare_callbacks.py", line 34, in prepare_callbacks
    callbacks_dir
TypeError: create_directory() takes 1 positional argument but 3 were given
[2022-07-20 15:46:07,676:  INFO: stage_03_prepare_callbacks]:  >>>>> Stage three started
[2022-07-20 15:46:07,681:  INFO: all_utils]:  yaml file: config/config.yaml loaded successfully
[2022-07-20 15:46:07,683:  INFO: all_utils]:  yaml file: params.yaml loaded successfully
[2022-07-20 15:46:07,683:  INFO: all_utils]:  Directory is created at artifacts/tensorboard_log_dir
[2022-07-20 15:46:07,684:  INFO: all_utils]:  Directory is created at artifacts/checkpoints
[2022-07-20 15:46:07,684:  INFO: all_utils]:  Directory is created at artifacts/callbacks
[2022-07-20 15:46:07,684:  ERROR: stage_03_prepare_callbacks]:  module 'keras.api._v2.keras.callbacks' has no attribute 'Tensorboard'
Traceback (most recent call last):
  File "src/stage_03_prepare_callbacks.py", line 50, in <module>
    params_path = parsed_args.params)
  File "src/stage_03_prepare_callbacks.py", line 37, in prepare_callbacks
    create_and_save_tensorboard_callback(callbacks_dir, tensorflow_log_dir)
  File "/media/dev_ashish/DATA/Python37/INeuron-Classes/ML-OPS-Classes/DVC-Classes/DVC-DL-Project/src/utils/callbacks.py", line 11, in create_and_save_tensorboard_callback
    tensorboard_callback =  tf.keras.callbacks.Tensorboard(
AttributeError: module 'keras.api._v2.keras.callbacks' has no attribute 'Tensorboard'
[2022-07-20 16:00:46,304:  INFO: stage_03_prepare_callbacks]:  >>>>> Stage three started
[2022-07-20 16:00:46,307:  INFO: all_utils]:  yaml file: config/config.yaml loaded successfully
[2022-07-20 16:00:46,310:  INFO: all_utils]:  yaml file: params.yaml loaded successfully
[2022-07-20 16:00:46,311:  INFO: all_utils]:  Directory is created at artifacts/tensorboard_log_dir
[2022-07-20 16:00:46,311:  INFO: all_utils]:  Directory is created at artifacts/checkpoints
[2022-07-20 16:00:46,311:  INFO: all_utils]:  Directory is created at artifacts/callbacks
[2022-07-20 16:00:46,312:  INFO: callbacks]:  tensorboard callback is being saved at artifacts/callbacks/tensorboard_cb.cb
[2022-07-20 16:00:46,313:  ERROR: stage_03_prepare_callbacks]:  name 'checkpoint_file_path' is not defined
Traceback (most recent call last):
  File "src/stage_03_prepare_callbacks.py", line 50, in <module>
    params_path = parsed_args.params)
  File "src/stage_03_prepare_callbacks.py", line 38, in prepare_callbacks
    create_and_save_checkpoint_callback(callbacks_dir, checkpoint_dir)
  File "/media/dev_ashish/DATA/Python37/INeuron-Classes/ML-OPS-Classes/DVC-Classes/DVC-DL-Project/src/utils/callbacks.py", line 22, in create_and_save_checkpoint_callback
    file_path = checkpoint_file_path,
NameError: name 'checkpoint_file_path' is not defined
[2022-07-20 16:01:48,243:  INFO: stage_03_prepare_callbacks]:  >>>>> Stage three started
[2022-07-20 16:01:48,248:  INFO: all_utils]:  yaml file: config/config.yaml loaded successfully
[2022-07-20 16:01:48,251:  INFO: all_utils]:  yaml file: params.yaml loaded successfully
[2022-07-20 16:01:48,252:  INFO: all_utils]:  Directory is created at artifacts/tensorboard_log_dir
[2022-07-20 16:01:48,252:  INFO: all_utils]:  Directory is created at artifacts/checkpoints
[2022-07-20 16:01:48,253:  INFO: all_utils]:  Directory is created at artifacts/callbacks
[2022-07-20 16:01:48,254:  INFO: callbacks]:  tensorboard callback is being saved at artifacts/callbacks/tensorboard_cb.cb
[2022-07-20 16:01:48,254:  ERROR: stage_03_prepare_callbacks]:  __init__() missing 1 required positional argument: 'filepath'
Traceback (most recent call last):
  File "src/stage_03_prepare_callbacks.py", line 50, in <module>
    params_path = parsed_args.params)
  File "src/stage_03_prepare_callbacks.py", line 38, in prepare_callbacks
    create_and_save_checkpoint_callback(callbacks_dir, checkpoint_dir)
  File "/media/dev_ashish/DATA/Python37/INeuron-Classes/ML-OPS-Classes/DVC-Classes/DVC-DL-Project/src/utils/callbacks.py", line 23, in create_and_save_checkpoint_callback
    save_best_only = True
TypeError: __init__() missing 1 required positional argument: 'filepath'
[2022-07-20 16:06:38,244:  INFO: stage_03_prepare_callbacks]:  >>>>> Stage three started
[2022-07-20 16:06:38,246:  INFO: all_utils]:  yaml file: config/config.yaml loaded successfully
[2022-07-20 16:06:38,250:  INFO: all_utils]:  yaml file: params.yaml loaded successfully
[2022-07-20 16:06:38,250:  INFO: all_utils]:  Directory is created at artifacts/tensorboard_log_dir
[2022-07-20 16:06:38,251:  INFO: all_utils]:  Directory is created at artifacts/checkpoints
[2022-07-20 16:06:38,251:  INFO: all_utils]:  Directory is created at artifacts/callbacks
[2022-07-20 16:06:38,252:  INFO: callbacks]:  tensorboard callback is being saved at artifacts/callbacks/tensorboard_cb.cb
[2022-07-20 16:06:38,260:  INFO: callbacks]:  model checkpoint is being saved at artifacts/callbacks/checkpoint_cb.cb
[2022-07-20 16:06:38,261:  INFO: stage_03_prepare_callbacks]:  Stage three completed: Callbacks are preared and saved as binary >>>>>
